<?xml version="1.0" encoding="UTF-8"?>
<!-- Generated by org.testng.reporters.JUnitReportReporter -->
<testsuite hostname="LAP1392" name="example.NewTest" tests="1" failures="0" timestamp="26 Dec 2016 18:20:26 GMT" time="4.151" errors="0">
  <testcase name="firsttest" time="4.151" classname="example.NewTest"/>
</testsuite> <!-- example.NewTest -->
